{"/Users/ru13r/devel/leetcode/src/structures/arrays/removeDuplicates.js": {"path":"/Users/ru13r/devel/leetcode/src/structures/arrays/removeDuplicates.js","statementMap":{"0":{"start":{"line":5,"column":25},"end":{"line":24,"column":1}},"1":{"start":{"line":6,"column":15},"end":{"line":6,"column":26}},"2":{"start":{"line":7,"column":10},"end":{"line":7,"column":11}},"3":{"start":{"line":8,"column":10},"end":{"line":8,"column":11}},"4":{"start":{"line":9,"column":10},"end":{"line":9,"column":11}},"5":{"start":{"line":10,"column":2},"end":{"line":22,"column":3}},"6":{"start":{"line":11,"column":4},"end":{"line":14,"column":5}},"7":{"start":{"line":12,"column":6},"end":{"line":12,"column":10}},"8":{"start":{"line":13,"column":6},"end":{"line":13,"column":15}},"9":{"start":{"line":15,"column":4},"end":{"line":15,"column":18}},"10":{"start":{"line":16,"column":4},"end":{"line":18,"column":5}},"11":{"start":{"line":16,"column":17},"end":{"line":16,"column":22}},"12":{"start":{"line":17,"column":6},"end":{"line":17,"column":45}},"13":{"start":{"line":19,"column":4},"end":{"line":19,"column":8}},"14":{"start":{"line":20,"column":4},"end":{"line":20,"column":24}},"15":{"start":{"line":23,"column":2},"end":{"line":23,"column":16}}},"fnMap":{"0":{"name":"(anonymous_0)","decl":{"start":{"line":5,"column":25},"end":{"line":5,"column":26}},"loc":{"start":{"line":5,"column":40},"end":{"line":24,"column":1}},"line":5}},"branchMap":{"0":{"loc":{"start":{"line":10,"column":9},"end":{"line":10,"column":33}},"type":"binary-expr","locations":[{"start":{"line":10,"column":9},"end":{"line":10,"column":19}},{"start":{"line":10,"column":23},"end":{"line":10,"column":33}}],"line":10},"1":{"loc":{"start":{"line":11,"column":4},"end":{"line":14,"column":5}},"type":"if","locations":[{"start":{"line":11,"column":4},"end":{"line":14,"column":5}},{"start":{},"end":{}}],"line":11},"2":{"loc":{"start":{"line":17,"column":16},"end":{"line":17,"column":44}},"type":"cond-expr","locations":[{"start":{"line":17,"column":28},"end":{"line":17,"column":37}},{"start":{"line":17,"column":40},"end":{"line":17,"column":44}}],"line":17}},"s":{"0":1,"1":4,"2":4,"3":4,"4":4,"5":4,"6":14,"7":8,"8":8,"9":6,"10":6,"11":6,"12":27,"13":6,"14":6,"15":4},"f":{"0":4},"b":{"0":[18,18],"1":[8,6],"2":[19,8]},"_coverageSchema":"1a1c01bbd47fc00a2c39e90264f33305004495a9","hash":"02f51b3e3af3a9c996e982167f1cbbd79fd56011"}
}
